<?xml version="1.0" encoding="UTF-8"?>
<!-- Generated by org.testng.reporters.JUnitReportReporter -->
<testsuite hostname="RajKawale7" failures="0" tests="5" name="bridgelabz.TestNG.Annotations.Priority_annotations" time="0.008" errors="0" timestamp="2022-09-30T21:37:55 IST" skipped="0">
  <testcase classname="bridgelabz.TestNG.Annotations.Priority_annotations" name="a_method" time="0.005"/>
  <system-out/>
  <testcase classname="bridgelabz.TestNG.Annotations.Priority_annotations" name="b_method" time="0.001"/>
  <system-out/>
  <testcase classname="bridgelabz.TestNG.Annotations.Priority_annotations" name="c_method" time="0.001"/>
  <system-out/>
  <testcase classname="bridgelabz.TestNG.Annotations.Priority_annotations" name="d_method" time="0.001"/>
  <system-out/>
  <testcase classname="bridgelabz.TestNG.Annotations.Priority_annotations" name="e_method" time="0.000"/>
  <system-out/>
</testsuite> <!-- bridgelabz.TestNG.Annotations.Priority_annotations -->
